<?xml version="1.0" encoding="UTF-8"?>
<testsuite xmlns:xsi="http://www.w3.org/2001/XMLSchema-instance" xsi:noNamespaceSchemaLocation="https://maven.apache.org/surefire/maven-surefire-plugin/xsd/surefire-test-report-3.0.xsd" version="3.0" name="lambdavalida.service.CPFValidatorTest" time="0.005" tests="10" errors="0" skipped="0" failures="0">
  <properties>
[...]
</properties>
  <testcase name="testNullOrEmptyCPF" classname="lambdavalida.service.CPFValidatorTest" time="0.0"/>
  <testcase name="testCNPJWithAllSameDigits" classname="lambdavalida.service.CPFValidatorTest" time="0.0"/>
  <testcase name="testFormatCPF" classname="lambdavalida.service.CPFValidatorTest" time="0.0"/>
  <testcase name="testInvalidCNPJ" classname="lambdavalida.service.CPFValidatorTest" time="0.0"/>
  <testcase name="testValidCPF" classname="lambdavalida.service.CPFValidatorTest" time="0.0"/>
  <testcase name="testValidCNPJ" classname="lambdavalida.service.CPFValidatorTest" time="0.0"/>
  <testcase name="testFormatCNPJ" classname="lambdavalida.service.CPFValidatorTest" time="0.0"/>
  <testcase name="testCPFWithWrongLength" classname="lambdavalida.service.CPFValidatorTest" time="0.0"/>
  <testcase name="testCPFWithAllSameDigits" classname="lambdavalida.service.CPFValidatorTest" time="0.0"/>
  <testcase name="testInvalidCPF" classname="lambdavalida.service.CPFValidatorTest" time="0.0"/>
</testsuite>