<?xml version="1.0" encoding="UTF-8"?>
<testsuite xmlns:xsi="http://www.w3.org/2001/XMLSchema-instance" xsi:noNamespaceSchemaLocation="https://maven.apache.org/surefire/maven-surefire-plugin/xsd/surefire-test-report-3.0.xsd" version="3.0" name="lambdavalida.AppTest" time="1.758" tests="3" errors="0" skipped="0" failures="0">
  <properties>
[...]
</properties>
  <testcase name="testValidaPessoaFunctionExists" classname="lambdavalida.AppTest" time="1.325">
    <system-out><![CDATA[13:03:34,187 |-INFO in ch.qos.logback.classic.LoggerContext[default] - This is logback-classic version 1.4.14
13:03:34,190 |-INFO in ch.qos.logback.classic.util.ContextInitializer@80bfa9d - No custom configurators were discovered as a service.
13:03:34,190 |-INFO in ch.qos.logback.classic.util.ContextInitializer@80bfa9d - Trying to configure with ch.qos.logback.classic.joran.SerializedModelConfigurator
13:03:34,193 |-INFO in ch.qos.logback.classic.util.ContextInitializer@80bfa9d - Constructed configurator of type class ch.qos.logback.classic.joran.SerializedModelConfigurator
13:03:34,198 |-INFO in ch.qos.logback.classic.LoggerContext[default] - Could NOT find resource [logback-test.scmo]
13:03:34,200 |-INFO in ch.qos.logback.classic.LoggerContext[default] - Could NOT find resource [logback.scmo]
13:03:34,210 |-INFO in ch.qos.logback.classic.util.ContextInitializer@80bfa9d - ch.qos.logback.classic.joran.SerializedModelConfigurator.configure() call lasted 7 milliseconds. ExecutionStatus=INVOKE_NEXT_IF_ANY
13:03:34,210 |-INFO in ch.qos.logback.classic.util.ContextInitializer@80bfa9d - Trying to configure with ch.qos.logback.classic.util.DefaultJoranConfigurator
13:03:34,211 |-INFO in ch.qos.logback.classic.util.ContextInitializer@80bfa9d - Constructed configurator of type class ch.qos.logback.classic.util.DefaultJoranConfigurator
13:03:34,212 |-INFO in ch.qos.logback.classic.LoggerContext[default] - Could NOT find resource [logback-test.xml]
13:03:34,215 |-INFO in ch.qos.logback.classic.LoggerContext[default] - Found resource [logback.xml] at [file:/C:/Users/Meu%20Computador/OneDrive/%C3%81rea%20de%20Trabalho/FIAP/projeto/fase_tres/lambda-valida-pessoa/LambdaValidaPessoa/target/classes/logback.xml]
13:03:34,478 |-WARN in ch.qos.logback.core.model.processor.AppenderModelHandler - Appender named [CONSOLE] not referenced. Skipping further processing.
13:03:34,478 |-INFO in ch.qos.logback.core.model.processor.AppenderModelHandler - Processing appender named [JSON]
13:03:34,478 |-INFO in ch.qos.logback.core.model.processor.AppenderModelHandler - About to instantiate appender of type [ch.qos.logback.core.ConsoleAppender]
13:03:34,586 |-INFO in ch.qos.logback.core.model.processor.ImplicitModelHandler - Assuming default type [net.logstash.logback.composite.loggingevent.LoggingEventFormattedTimestampJsonProvider] for [timestamp] property
13:03:34,594 |-INFO in ch.qos.logback.core.model.processor.ImplicitModelHandler - Assuming default type [net.logstash.logback.composite.loggingevent.MessageJsonProvider] for [message] property
13:03:34,595 |-INFO in ch.qos.logback.core.model.processor.ImplicitModelHandler - Assuming default type [net.logstash.logback.composite.loggingevent.LoggerNameJsonProvider] for [loggerName] property
13:03:34,595 |-INFO in ch.qos.logback.core.model.processor.ImplicitModelHandler - Assuming default type [net.logstash.logback.composite.loggingevent.LoggingEventThreadNameJsonProvider] for [threadName] property
13:03:34,596 |-INFO in ch.qos.logback.core.model.processor.ImplicitModelHandler - Assuming default type [net.logstash.logback.composite.loggingevent.LogLevelJsonProvider] for [logLevel] property
13:03:34,597 |-INFO in ch.qos.logback.core.model.processor.ImplicitModelHandler - Assuming default type [net.logstash.logback.composite.loggingevent.MdcJsonProvider] for [mdc] property
13:03:34,597 |-INFO in ch.qos.logback.core.model.processor.ImplicitModelHandler - Assuming default type [net.logstash.logback.composite.loggingevent.StackTraceJsonProvider] for [stackTrace] property
13:03:34,618 |-ERROR in ch.qos.logback.core.joran.util.PropertySetter@47c40b56 - A "net.logstash.logback.composite.loggingevent.LoggingEventJsonProviders" object is not assignable to a "net.logstash.logback.composite.JsonProvider" variable.
13:03:34,618 |-ERROR in ch.qos.logback.core.joran.util.PropertySetter@47c40b56 - The class "net.logstash.logback.composite.JsonProvider" was loaded by 
13:03:34,618 |-ERROR in ch.qos.logback.core.joran.util.PropertySetter@47c40b56 - [jdk.internal.loader.ClassLoaders$AppClassLoader@5a07e868] whereas object of type 
13:03:34,618 |-ERROR in ch.qos.logback.core.joran.util.PropertySetter@47c40b56 - "net.logstash.logback.composite.loggingevent.LoggingEventJsonProviders" was loaded by [jdk.internal.loader.ClassLoaders$AppClassLoader@5a07e868].
13:03:34,626 |-INFO in ch.qos.logback.core.model.processor.AppenderModelHandler - Processing appender named [ASYNC]
13:03:34,626 |-INFO in ch.qos.logback.core.model.processor.AppenderModelHandler - About to instantiate appender of type [ch.qos.logback.classic.AsyncAppender]
13:03:34,632 |-INFO in ch.qos.logback.core.model.processor.AppenderRefModelHandler - Attaching appender named [JSON] to ch.qos.logback.classic.AsyncAppender[ASYNC]
13:03:34,632 |-INFO in ch.qos.logback.classic.AsyncAppender[ASYNC] - Attaching appender named [JSON] to AsyncAppender.
13:03:34,637 |-INFO in ch.qos.logback.classic.AsyncAppender[ASYNC] - Setting discardingThreshold to 0
13:03:34,637 |-INFO in ch.qos.logback.classic.model.processor.RootLoggerModelHandler - Setting level of ROOT logger to INFO
13:03:34,638 |-INFO in ch.qos.logback.core.model.processor.AppenderRefModelHandler - Attaching appender named [ASYNC] to Logger[ROOT]
13:03:34,641 |-INFO in ch.qos.logback.classic.model.processor.LoggerModelHandler - Setting level of logger [lambdavalida] to DEBUG
13:03:34,641 |-INFO in ch.qos.logback.classic.model.processor.LoggerModelHandler - Setting level of logger [com.newrelic] to INFO
13:03:34,641 |-INFO in ch.qos.logback.classic.model.processor.LoggerModelHandler - Setting level of logger [software.amazon] to WARN
13:03:34,641 |-INFO in ch.qos.logback.classic.model.processor.LoggerModelHandler - Setting level of logger [com.amazonaws] to WARN
13:03:34,641 |-INFO in ch.qos.logback.core.model.processor.DefaultProcessor@4b039c6d - End of configuration.
13:03:34,645 |-INFO in ch.qos.logback.classic.joran.JoranConfigurator@7f5b9db - Registering current configuration as safe fallback point
13:03:34,645 |-INFO in ch.qos.logback.classic.util.ContextInitializer@80bfa9d - ch.qos.logback.classic.util.DefaultJoranConfigurator.configure() call lasted 434 milliseconds. ExecutionStatus=DO_NOT_INVOKE_NEXT_IF_ANY

]]></system-out>
  </testcase>
  <testcase name="testValidRequestStructure" classname="lambdavalida.AppTest" time="0.299">
    <system-out><![CDATA[{"@timestamp":"2025-12-03T13:03:34.8175456-03:00","@version":"1","message":"{\"level\":\"INFO\",\"service\":\"ValidaPessoa\",\"requestId\":\"test-request-e5e7ad8b-6335-4251-9528-cae618ca9f95\",\"correlationId\":\"f929d727-5d80-477b-9130-8b338d16104b\",\"event\":\"auth_request_started\",\"timestamp\":\"2025-12-03T16:03:34.764219300Z\"}","logger_name":"lambdavalida.ValidaPessoaFunction","thread_name":"main","level":"INFO","level_value":20000}
{"@timestamp":"2025-12-03T13:03:34.9480821-03:00","@version":"1","message":"{\"level\":\"WARN\",\"service\":\"ValidaPessoa\",\"cpf\":\"***\",\"correlationId\":\"f929d727-5d80-477b-9130-8b338d16104b\",\"event\":\"cpf_validation_failed\",\"timestamp\":\"2025-12-03T16:03:34.947083800Z\"}","logger_name":"lambdavalida.ValidaPessoaFunction","thread_name":"main","level":"WARN","level_value":30000}
]]></system-out>
  </testcase>
  <testcase name="testInvalidRequestReturns400" classname="lambdavalida.AppTest" time="0.004">
    <system-out><![CDATA[{"@timestamp":"2025-12-03T13:03:34.9687121-03:00","@version":"1","message":"{\"level\":\"INFO\",\"service\":\"ValidaPessoa\",\"requestId\":\"test-request-e260cd6c-4c0a-42c5-9a5f-fa580301dd18\",\"correlationId\":\"6f9feee5-c1be-44b2-a9e5-acdec266aaad\",\"event\":\"auth_request_started\",\"timestamp\":\"2025-12-03T16:03:34.958663100Z\"}","logger_name":"lambdavalida.ValidaPessoaFunction","thread_name":"main","level":"INFO","level_value":20000}
]]></system-out>
  </testcase>
</testsuite>