<?xml version="1.0" encoding="UTF-8"?>
<testsuite xmlns:xsi="http://www.w3.org/2001/XMLSchema-instance" xsi:noNamespaceSchemaLocation="https://maven.apache.org/surefire/maven-surefire-plugin/xsd/surefire-test-report-3.0.xsd" version="3.0" name="lambdavalida.AppTest" time="0.215" tests="3" errors="0" skipped="0" failures="0">
  <properties>
[...]
</properties>
  <testcase name="testValidaPessoaFunctionExists" classname="lambdavalida.AppTest" time="0.082"/>
  <testcase name="testValidRequestStructure" classname="lambdavalida.AppTest" time="0.022"/>
  <testcase name="testInvalidRequestReturns400" classname="lambdavalida.AppTest" time="0.001"/>
</testsuite>